[Epoch 001] Duration: 1475.2s | Train Loss: 0.5959 | Val Loss: 1.8381 | IoU: 11.89% | Conf Acc: 70.08% | Left Eye Acc: 0.00% | Right Eye Acc: 0.16% | LR: 0.010000
[Epoch 002] Duration: 1800.7s | Train Loss: 0.3937 | Val Loss: 1.5020 | IoU: 14.19% | Conf Acc: 62.96% | Left Eye Acc: 0.39% | Right Eye Acc: 0.23% | LR: 0.010000
[Epoch 003] Duration: 1649.9s | Train Loss: 0.6530 | Val Loss: 0.6976 | IoU: 7.47% | Conf Acc: 74.62% | Left Eye Acc: 1.01% | Right Eye Acc: 0.23% | LR: 0.010000
[Epoch 004] Duration: 1781.4s | Train Loss: 0.5788 | Val Loss: 3.4430 | IoU: 23.25% | Conf Acc: 32.56% | Left Eye Acc: 0.00% | Right Eye Acc: 0.35% | LR: 0.010000
[Epoch 005] Duration: 1788.4s | Train Loss: 0.4908 | Val Loss: 1.0121 | IoU: 40.24% | Conf Acc: 66.01% | Left Eye Acc: 0.70% | Right Eye Acc: 0.23% | LR: 0.010000
[Epoch 006] Duration: 1911.6s | Train Loss: 0.3880 | Val Loss: 1.2109 | IoU: 40.68% | Conf Acc: 69.22% | Left Eye Acc: 0.00% | Right Eye Acc: 0.00% | LR: 0.010000
[Epoch 007] Duration: 2035.4s | Train Loss: 0.3668 | Val Loss: 0.8883 | IoU: 21.75% | Conf Acc: 69.68% | Left Eye Acc: 0.00% | Right Eye Acc: 0.04% | LR: 0.010000
[Epoch 008] Duration: 2109.3s | Train Loss: 0.2291 | Val Loss: 1.4265 | IoU: 34.65% | Conf Acc: 62.65% | Left Eye Acc: 0.74% | Right Eye Acc: 0.31% | LR: 0.005000
[Epoch 009] Duration: 2080.7s | Train Loss: 0.2028 | Val Loss: 1.0526 | IoU: 11.05% | Conf Acc: 73.36% | Left Eye Acc: 0.50% | Right Eye Acc: 0.19% | LR: 0.005000
[Epoch 010] Duration: 2077.1s | Train Loss: 0.2306 | Val Loss: 1.4509 | IoU: 39.53% | Conf Acc: 53.83% | Left Eye Acc: 0.19% | Right Eye Acc: 0.74% | LR: 0.005000
[Epoch 011] Duration: 2157.1s | Train Loss: 0.2227 | Val Loss: 2.9073 | IoU: 37.81% | Conf Acc: 40.20% | Left Eye Acc: 0.35% | Right Eye Acc: 0.43% | LR: 0.005000
[Epoch 012] Duration: 2173.0s | Train Loss: 0.1755 | Val Loss: 3.0468 | IoU: 31.01% | Conf Acc: 35.77% | Left Eye Acc: 0.54% | Right Eye Acc: 0.81% | LR: 0.002500
[Epoch 013] Duration: 2164.6s | Train Loss: 0.1543 | Val Loss: 1.7517 | IoU: 14.96% | Conf Acc: 51.88% | Left Eye Acc: 0.27% | Right Eye Acc: 0.23% | LR: 0.002500
[Epoch 014] Duration: 2049.2s | Train Loss: 0.1468 | Val Loss: 1.5901 | IoU: 23.82% | Conf Acc: 51.11% | Left Eye Acc: 0.23% | Right Eye Acc: 0.50% | LR: 0.002500
[Epoch 015] Duration: 2115.3s | Train Loss: 0.1397 | Val Loss: 1.8056 | IoU: 33.98% | Conf Acc: 51.19% | Left Eye Acc: 0.04% | Right Eye Acc: 0.39% | LR: 0.002500
[Epoch 016] Duration: 2159.7s | Train Loss: 0.1271 | Val Loss: 1.4830 | IoU: 39.81% | Conf Acc: 59.66% | Left Eye Acc: 0.50% | Right Eye Acc: 0.50% | LR: 0.001250

================================================================================
Training Started: 2026-03-15 08:04:12
================================================================================
Model: MobileFaceDetector
Pretrained: weights/mobile_face_detector_epoch_10.pth
Train Only Head: False
Learning Rate: 0.01
Batch Size: 64
Target IoU: 90.0%
Target Eye Accuracy: 85.0%
Landmark Weight: 5.0
Device: cuda
Dataset: Dataset/celebA
Target Size: 256
Train Samples: 208926
Val Samples: 3483
COCO Dataset: Dataset
COCO Ratio: 0.35:1
--------------------------------------------------------------------------------
Augmentation Settings:
  Scale Augmentation: True
  Rotation Augmentation: True
  Max Rotation Angle: 30 degrees
================================================================================

[Epoch 001] Duration: 1795.5s | Train Loss: 0.3139 | Val Loss: 0.2693 | IoU: 14.76% | Conf Acc: 95.21% | Left Eye Acc: 13.37% | Right Eye Acc: 3.33% | LR: 0.010000
[Epoch 002] Duration: 1912.8s | Train Loss: 0.3053 | Val Loss: 0.2387 | IoU: 22.51% | Conf Acc: 94.83% | Left Eye Acc: 12.05% | Right Eye Acc: 17.05% | LR: 0.010000
[Epoch 003] Duration: 1782.9s | Train Loss: 0.3514 | Val Loss: 0.2498 | IoU: 41.25% | Conf Acc: 94.17% | Left Eye Acc: 6.90% | Right Eye Acc: 11.24% | LR: 0.010000
[Epoch 004] Duration: 1765.3s | Train Loss: 0.2885 | Val Loss: 0.2527 | IoU: 12.15% | Conf Acc: 95.84% | Left Eye Acc: 0.39% | Right Eye Acc: 3.49% | LR: 0.010000
[Epoch 005] Duration: 1787.9s | Train Loss: 0.3141 | Val Loss: 0.3045 | IoU: 22.16% | Conf Acc: 93.54% | Left Eye Acc: 8.80% | Right Eye Acc: 6.09% | LR: 0.010000
[Epoch 006] Duration: 1804.8s | Train Loss: 0.3268 | Val Loss: 0.8077 | IoU: 41.61% | Conf Acc: 74.19% | Left Eye Acc: 0.00% | Right Eye Acc: 0.00% | LR: 0.010000
[Epoch 007] Duration: 1802.5s | Train Loss: 0.4697 | Val Loss: 0.2992 | IoU: 28.88% | Conf Acc: 93.77% | Left Eye Acc: 6.74% | Right Eye Acc: 1.20% | LR: 0.010000
[Epoch 008] Duration: 1783.4s | Train Loss: 0.3363 | Val Loss: 0.3770 | IoU: 46.09% | Conf Acc: 92.94% | Left Eye Acc: 15.74% | Right Eye Acc: 4.26% | LR: 0.010000
[Epoch 009] Duration: 1758.1s | Train Loss: 0.3384 | Val Loss: 0.3484 | IoU: 31.79% | Conf Acc: 93.51% | Left Eye Acc: 7.79% | Right Eye Acc: 0.85% | LR: 0.010000
[Epoch 010] Duration: 1842.5s | Train Loss: 0.3773 | Val Loss: 0.2481 | IoU: 26.81% | Conf Acc: 95.81% | Left Eye Acc: 2.52% | Right Eye Acc: 8.80% | LR: 0.010000
[Epoch 011] Duration: 1839.8s | Train Loss: 0.2303 | Val Loss: 0.2277 | IoU: 41.13% | Conf Acc: 94.52% | Left Eye Acc: 15.12% | Right Eye Acc: 15.31% | LR: 0.005000
[Epoch 012] Duration: 1868.5s | Train Loss: 0.2319 | Val Loss: 0.2025 | IoU: 32.74% | Conf Acc: 95.75% | Left Eye Acc: 13.57% | Right Eye Acc: 14.50% | LR: 0.005000
[Epoch 013] Duration: 1924.4s | Train Loss: 0.2502 | Val Loss: 0.2321 | IoU: 44.42% | Conf Acc: 94.63% | Left Eye Acc: 14.69% | Right Eye Acc: 12.40% | LR: 0.005000
[Epoch 014] Duration: 1925.1s | Train Loss: 0.2661 | Val Loss: 0.2671 | IoU: 7.48% | Conf Acc: 93.48% | Left Eye Acc: 3.49% | Right Eye Acc: 5.89% | LR: 0.005000
[Epoch 015] Duration: 1911.0s | Train Loss: 0.2340 | Val Loss: 0.2301 | IoU: 44.81% | Conf Acc: 95.78% | Left Eye Acc: 4.03% | Right Eye Acc: 6.74% | LR: 0.005000
